PO.htm
code/PRG_Page_h.htm
code/PRG_Page_dPRG.htm
code/ftp.prg/Main_h.htm
code/ftp.prg/Main_d.main program.htm
code/ftp.prg/Main_t.htm
code/ftp.prg/cls._list_parser.htm
code/ftp.prg/cls._list_parser.finddt.htm
code/ftp.prg/cls._list_parser.formatdt.htm
code/ftp.prg/cls._list_parser_1.htm
code/ftp.prg/cls._list_parser_1.parse.htm
code/ftp.prg/cls._list_parser_2.htm
code/ftp.prg/cls._list_parser_3.htm
code/ftp.prg/cls._list_parser_4.htm
code/ftp.prg/cls._list_parser_4.parse.htm
code/ftp.prg/cls._list_parser_5.htm
code/ftp.prg/cls._list_parser_engine.htm
code/ftp.prg/cls._list_parser_engine.checkformat.htm
code/ftp.prg/cls._list_parser_engine.parse.htm
code/ftp.prg/cls.ftp_service.htm
code/ftp.prg/cls.ftp_service.cagent.htm
code/ftp.prg/cls.ftp_service.ccurrentdir.htm
code/ftp.prg/cls.ftp_service.cextended_message.htm
code/ftp.prg/cls.ftp_service.cipaddress.htm
code/ftp.prg/cls.ftp_service.cpassword.htm
code/ftp.prg/cls.ftp_service.cport.htm
code/ftp.prg/cls.ftp_service.cproxyhost.htm
code/ftp.prg/cls.ftp_service.cproxyport.htm
code/ftp.prg/cls.ftp_service.cproxyprotocol.htm
code/ftp.prg/cls.ftp_service.cstartupfolder.htm
code/ftp.prg/cls.ftp_service.cusername.htm
code/ftp.prg/cls.ftp_service.ldll_loaded.htm
code/ftp.prg/cls.ftp_service.lmultioperations.htm
code/ftp.prg/cls.ftp_service.luseproxy.htm
code/ftp.prg/cls.ftp_service.ncachingtype.htm
code/ftp.prg/cls.ftp_service.nconnect_handle.htm
code/ftp.prg/cls.ftp_service.nextended_result.htm
code/ftp.prg/cls.ftp_service.nflags.htm
code/ftp.prg/cls.ftp_service.ninet_handle.htm
code/ftp.prg/cls.ftp_service.nresult_code.htm
code/ftp.prg/cls.ftp_service.olistpe.htm
code/ftp.prg/cls.ftp_service._ftpcommand.htm
code/ftp.prg/cls.ftp_service.afterautodialhangup.htm
code/ftp.prg/cls.ftp_service.afterautodialinternet.htm
code/ftp.prg/cls.ftp_service.afterchangeftpdirectory.htm
code/ftp.prg/cls.ftp_service.aftercreateftpdirectory.htm
code/ftp.prg/cls.ftp_service.afterdeleteftpfile.htm
code/ftp.prg/cls.ftp_service.afterdialhangup.htm
code/ftp.prg/cls.ftp_service.afterdialinternet.htm
code/ftp.prg/cls.ftp_service.afterftpcommand.htm
code/ftp.prg/cls.ftp_service.aftergetconnectedstate.htm
code/ftp.prg/cls.ftp_service.aftergetfilesize.htm
code/ftp.prg/cls.ftp_service.aftergetftpdirectory.htm
code/ftp.prg/cls.ftp_service.aftergetftpdirectoryarray.htm
code/ftp.prg/cls.ftp_service.aftergetftpfile.htm
code/ftp.prg/cls.ftp_service.aftergoonline.htm
code/ftp.prg/cls.ftp_service.afterlist.htm
code/ftp.prg/cls.ftp_service.afternlst.htm
code/ftp.prg/cls.ftp_service.afterputftpfile.htm
code/ftp.prg/cls.ftp_service.afterreadftpfile.htm
code/ftp.prg/cls.ftp_service.afterremoveftpdirectory.htm
code/ftp.prg/cls.ftp_service.afterrenameftpfile.htm
code/ftp.prg/cls.ftp_service.afterwriteftpfile.htm
code/ftp.prg/cls.ftp_service.atlist.htm
code/ftp.prg/cls.ftp_service.atnlst.htm
code/ftp.prg/cls.ftp_service.atreadftpfile.htm
code/ftp.prg/cls.ftp_service.atwriteftpfile.htm
code/ftp.prg/cls.ftp_service.autodialhangup.htm
code/ftp.prg/cls.ftp_service.autodialinternet.htm
code/ftp.prg/cls.ftp_service.beforeautodialhangup.htm
code/ftp.prg/cls.ftp_service.beforeautodialinternet.htm
code/ftp.prg/cls.ftp_service.beforechangeftpdirectory.htm
code/ftp.prg/cls.ftp_service.beforecreateftpdirectory.htm
code/ftp.prg/cls.ftp_service.beforedeleteftpfile.htm
code/ftp.prg/cls.ftp_service.beforedialhangup.htm
code/ftp.prg/cls.ftp_service.beforedialinternet.htm
code/ftp.prg/cls.ftp_service.beforeftpcommand.htm
code/ftp.prg/cls.ftp_service.beforegetconnectedstate.htm
code/ftp.prg/cls.ftp_service.beforegetfilesize.htm
code/ftp.prg/cls.ftp_service.beforegetftpdirectory.htm
code/ftp.prg/cls.ftp_service.beforegetftpdirectoryarray.htm
code/ftp.prg/cls.ftp_service.beforegetftpfile.htm
code/ftp.prg/cls.ftp_service.beforegoonline.htm
code/ftp.prg/cls.ftp_service.beforelist.htm
code/ftp.prg/cls.ftp_service.beforenlst.htm
code/ftp.prg/cls.ftp_service.beforeputftpfile.htm
code/ftp.prg/cls.ftp_service.beforereadftpfile.htm
code/ftp.prg/cls.ftp_service.beforeremoveftpdirectory.htm
code/ftp.prg/cls.ftp_service.beforerenameftpfile.htm
code/ftp.prg/cls.ftp_service.beforewriteftpfile.htm
code/ftp.prg/cls.ftp_service.changeftpdirectory.htm
code/ftp.prg/cls.ftp_service.closeftpconnection.htm
code/ftp.prg/cls.ftp_service.closeinternet.htm
code/ftp.prg/cls.ftp_service.crackattributes.htm
code/ftp.prg/cls.ftp_service.crackdate.htm
code/ftp.prg/cls.ftp_service.crackfile.htm
code/ftp.prg/cls.ftp_service.createftpdirectory.htm
code/ftp.prg/cls.ftp_service.deleteftpfile.htm
code/ftp.prg/cls.ftp_service.dialhangup.htm
code/ftp.prg/cls.ftp_service.dialinternet.htm
code/ftp.prg/cls.ftp_service.ftpcommand.htm
code/ftp.prg/cls.ftp_service.getcachingmethod.htm
code/ftp.prg/cls.ftp_service.getconnectedstate.htm
code/ftp.prg/cls.ftp_service.geterrorcode.htm
code/ftp.prg/cls.ftp_service.geterrortext.htm
code/ftp.prg/cls.ftp_service.getextendederror.htm
code/ftp.prg/cls.ftp_service.getextendederrorcode.htm
code/ftp.prg/cls.ftp_service.getextendederrormsg.htm
code/ftp.prg/cls.ftp_service.getfilesize.htm
code/ftp.prg/cls.ftp_service.getftpdirectory.htm
code/ftp.prg/cls.ftp_service.getftpdirectoryarray.htm
code/ftp.prg/cls.ftp_service.getftpfile.htm
code/ftp.prg/cls.ftp_service.getsystemoption.htm
code/ftp.prg/cls.ftp_service.goonline.htm
code/ftp.prg/cls.ftp_service.init.htm
code/ftp.prg/cls.ftp_service.isglobaloffline.htm
code/ftp.prg/cls.ftp_service.list.htm
code/ftp.prg/cls.ftp_service.loadapifuncs.htm
code/ftp.prg/cls.ftp_service.nlst.htm
code/ftp.prg/cls.ftp_service.openftpconnection.htm
code/ftp.prg/cls.ftp_service.openinternet.htm
code/ftp.prg/cls.ftp_service.putftpfile.htm
code/ftp.prg/cls.ftp_service.readftpfile.htm
code/ftp.prg/cls.ftp_service.removeftpdirectory.htm
code/ftp.prg/cls.ftp_service.renameftpfile.htm
code/ftp.prg/cls.ftp_service.resetcachingmethod.htm
code/ftp.prg/cls.ftp_service.setcachingmethod.htm
code/ftp.prg/cls.ftp_service.setextendederror.htm
code/ftp.prg/cls.ftp_service.writeftpfile.htm
others/XXX_Page_h.htm
others/XXX_Page_dHPP.htm
others/core.h/Main_h.htm
others/core.h/Main_d.htm
others/ftp.h/Main_h.htm
others/ftp.h/Main_d.htm
Custom.htm
GCT.htm
